Mock Version: 2.17
ENTER ['do_with_status'](['bash', '--login', '-c', '/usr/bin/rpmbuild -bs --target x86_64 --nodeps /builddir/build/SPECS/spin-kickstarts.spec'], chrootPath='/var/lib/mock/centos+epel-7-x86_64/root'env={'TERM': 'vt100', 'SHELL': '/bin/bash', 'HOME': '/builddir', 'HOSTNAME': 'mock', 'PATH': '/usr/bin:/bin:/usr/sbin:/sbin', 'PROMPT_COMMAND': 'printf "\\033]0;<mock-chroot>\\007"', 'PS1': '<mock-chroot> \\s-\\v\\$ ', 'LANG': 'C.UTF-8'}shell=Falselogger=<mockbuild.trace_decorator.getLog object at 0x7fd28027ceb8>timeout=0uid=0gid=135user='mockbuild'nspawn_args=['--capability=cap_ipc_lock', '--bind=/tmp/mock-resolv.pg9hyegi:/etc/resolv.conf', '--bind=/dev/btrfs-control', '--bind=/dev/loop-control', '--bind=/dev/loop0', '--bind=/dev/loop1', '--bind=/dev/loop2', '--bind=/dev/loop3', '--bind=/dev/loop4', '--bind=/dev/loop5', '--bind=/dev/loop6', '--bind=/dev/loop7', '--bind=/dev/loop8', '--bind=/dev/loop9', '--bind=/dev/loop10', '--bind=/dev/loop11']unshare_net=FalseprintOutput=True)
Using nspawn with args ['--capability=cap_ipc_lock', '--bind=/tmp/mock-resolv.pg9hyegi:/etc/resolv.conf', '--bind=/dev/btrfs-control', '--bind=/dev/loop-control', '--bind=/dev/loop0', '--bind=/dev/loop1', '--bind=/dev/loop2', '--bind=/dev/loop3', '--bind=/dev/loop4', '--bind=/dev/loop5', '--bind=/dev/loop6', '--bind=/dev/loop7', '--bind=/dev/loop8', '--bind=/dev/loop9', '--bind=/dev/loop10', '--bind=/dev/loop11']
Executing command: ['/usr/bin/systemd-nspawn', '-q', '-M', '2d01bc618b184b4583688459bbda3c1b', '-D', '/var/lib/mock/centos+epel-7-x86_64/root', '-u', 'mockbuild', '--capability=cap_ipc_lock', '--bind=/tmp/mock-resolv.pg9hyegi:/etc/resolv.conf', '--bind=/dev/btrfs-control', '--bind=/dev/loop-control', '--bind=/dev/loop0', '--bind=/dev/loop1', '--bind=/dev/loop2', '--bind=/dev/loop3', '--bind=/dev/loop4', '--bind=/dev/loop5', '--bind=/dev/loop6', '--bind=/dev/loop7', '--bind=/dev/loop8', '--bind=/dev/loop9', '--bind=/dev/loop10', '--bind=/dev/loop11', '--setenv=TERM=vt100', '--setenv=SHELL=/bin/bash', '--setenv=HOME=/builddir', '--setenv=HOSTNAME=mock', '--setenv=PATH=/usr/bin:/bin:/usr/sbin:/sbin', '--setenv=PROMPT_COMMAND=printf "\\033]0;<mock-chroot>\\007"', '--setenv=PS1=<mock-chroot> \\s-\\v\\$ ', '--setenv=LANG=C.UTF-8', 'bash', '--login', '-c', '/usr/bin/rpmbuild -bs --target x86_64 --nodeps /builddir/build/SPECS/spin-kickstarts.spec'] with env {'TERM': 'vt100', 'SHELL': '/bin/bash', 'HOME': '/builddir', 'HOSTNAME': 'mock', 'PATH': '/usr/bin:/bin:/usr/sbin:/sbin', 'PROMPT_COMMAND': 'printf "\\033]0;<mock-chroot>\\007"', 'PS1': '<mock-chroot> \\s-\\v\\$ ', 'LANG': 'C.UTF-8', 'SYSTEMD_NSPAWN_TMPFS_TMP': '0', 'SYSTEMD_SECCOMP': '0'} and shell False
Building target platforms: x86_64
Building for target x86_64
Wrote: /builddir/build/SRPMS/spin-kickstarts-0.36.0-0.3.el7.src.rpm
Child return code was: 0
ENTER ['do_with_status'](['bash', '--login', '-c', '/usr/bin/rpmbuild -bb --target x86_64 --nodeps /builddir/build/SPECS/spin-kickstarts.spec'], chrootPath='/var/lib/mock/centos+epel-7-x86_64/root'env={'TERM': 'vt100', 'SHELL': '/bin/bash', 'HOME': '/builddir', 'HOSTNAME': 'mock', 'PATH': '/usr/bin:/bin:/usr/sbin:/sbin', 'PROMPT_COMMAND': 'printf "\\033]0;<mock-chroot>\\007"', 'PS1': '<mock-chroot> \\s-\\v\\$ ', 'LANG': 'C.UTF-8'}shell=Falselogger=<mockbuild.trace_decorator.getLog object at 0x7fd28027ceb8>timeout=0uid=0gid=135user='mockbuild'nspawn_args=['--capability=cap_ipc_lock', '--bind=/tmp/mock-resolv.pg9hyegi:/etc/resolv.conf', '--bind=/dev/btrfs-control', '--bind=/dev/loop-control', '--bind=/dev/loop0', '--bind=/dev/loop1', '--bind=/dev/loop2', '--bind=/dev/loop3', '--bind=/dev/loop4', '--bind=/dev/loop5', '--bind=/dev/loop6', '--bind=/dev/loop7', '--bind=/dev/loop8', '--bind=/dev/loop9', '--bind=/dev/loop10', '--bind=/dev/loop11']unshare_net=FalseprintOutput=True)
Using nspawn with args ['--capability=cap_ipc_lock', '--bind=/tmp/mock-resolv.pg9hyegi:/etc/resolv.conf', '--bind=/dev/btrfs-control', '--bind=/dev/loop-control', '--bind=/dev/loop0', '--bind=/dev/loop1', '--bind=/dev/loop2', '--bind=/dev/loop3', '--bind=/dev/loop4', '--bind=/dev/loop5', '--bind=/dev/loop6', '--bind=/dev/loop7', '--bind=/dev/loop8', '--bind=/dev/loop9', '--bind=/dev/loop10', '--bind=/dev/loop11']
Executing command: ['/usr/bin/systemd-nspawn', '-q', '-M', '098e4225fd854829974d5e6561617563', '-D', '/var/lib/mock/centos+epel-7-x86_64/root', '-u', 'mockbuild', '--capability=cap_ipc_lock', '--bind=/tmp/mock-resolv.pg9hyegi:/etc/resolv.conf', '--bind=/dev/btrfs-control', '--bind=/dev/loop-control', '--bind=/dev/loop0', '--bind=/dev/loop1', '--bind=/dev/loop2', '--bind=/dev/loop3', '--bind=/dev/loop4', '--bind=/dev/loop5', '--bind=/dev/loop6', '--bind=/dev/loop7', '--bind=/dev/loop8', '--bind=/dev/loop9', '--bind=/dev/loop10', '--bind=/dev/loop11', '--setenv=TERM=vt100', '--setenv=SHELL=/bin/bash', '--setenv=HOME=/builddir', '--setenv=HOSTNAME=mock', '--setenv=PATH=/usr/bin:/bin:/usr/sbin:/sbin', '--setenv=PROMPT_COMMAND=printf "\\033]0;<mock-chroot>\\007"', '--setenv=PS1=<mock-chroot> \\s-\\v\\$ ', '--setenv=LANG=C.UTF-8', 'bash', '--login', '-c', '/usr/bin/rpmbuild -bb --target x86_64 --nodeps /builddir/build/SPECS/spin-kickstarts.spec'] with env {'TERM': 'vt100', 'SHELL': '/bin/bash', 'HOME': '/builddir', 'HOSTNAME': 'mock', 'PATH': '/usr/bin:/bin:/usr/sbin:/sbin', 'PROMPT_COMMAND': 'printf "\\033]0;<mock-chroot>\\007"', 'PS1': '<mock-chroot> \\s-\\v\\$ ', 'LANG': 'C.UTF-8', 'SYSTEMD_NSPAWN_TMPFS_TMP': '0', 'SYSTEMD_SECCOMP': '0'} and shell False
Building target platforms: x86_64
Building for target x86_64
Executing(%prep): /bin/sh -e /var/tmp/rpm-tmp.7x0hdK
+ umask 022
+ cd /builddir/build/BUILD
+ cd /builddir/build/BUILD
+ rm -rf fedora-kickstarts-0.36.0
+ /usr/bin/gzip -dc /builddir/build/SOURCES/fedora-kickstarts-0.36.0.tar.gz
+ /usr/bin/tar -xf -
+ STATUS=0
+ '[' 0 -ne 0 ']'
+ cd fedora-kickstarts-0.36.0
+ /usr/bin/chmod -Rf a+rX,u+w,g-w,o-w .
+ exit 0
Executing(%build): /bin/sh -e /var/tmp/rpm-tmp.QeievX
+ umask 022
+ cd /builddir/build/BUILD
+ cd fedora-kickstarts-0.36.0
+ exit 0
Executing(%install): /bin/sh -e /var/tmp/rpm-tmp.VkszNa
+ umask 022
+ cd /builddir/build/BUILD
+ '[' /builddir/build/BUILDROOT/spin-kickstarts-0.36.0-0.3.el7.x86_64 '!=' / ']'
+ rm -rf /builddir/build/BUILDROOT/spin-kickstarts-0.36.0-0.3.el7.x86_64
++ dirname /builddir/build/BUILDROOT/spin-kickstarts-0.36.0-0.3.el7.x86_64
+ mkdir -p /builddir/build/BUILDROOT
+ mkdir /builddir/build/BUILDROOT/spin-kickstarts-0.36.0-0.3.el7.x86_64
+ cd fedora-kickstarts-0.36.0
+ rm -rf /builddir/build/BUILDROOT/spin-kickstarts-0.36.0-0.3.el7.x86_64
+ make install DESTDIR=/builddir/build/BUILDROOT/spin-kickstarts-0.36.0-0.3.el7.x86_64/usr
make: git: Command not found
mkdir -p -m 755 /builddir/build/BUILDROOT/spin-kickstarts-0.36.0-0.3.el7.x86_64/usr/share/spin-kickstarts
install *.ks* -m 644 /builddir/build/BUILDROOT/spin-kickstarts-0.36.0-0.3.el7.x86_64/usr/share/spin-kickstarts
mkdir -p -m 755 /builddir/build/BUILDROOT/spin-kickstarts-0.36.0-0.3.el7.x86_64/usr/share/spin-kickstarts/custom
install -m 644 custom/* /builddir/build/BUILDROOT/spin-kickstarts-0.36.0-0.3.el7.x86_64/usr/share/spin-kickstarts/custom
mkdir -p -m 755 /builddir/build/BUILDROOT/spin-kickstarts-0.36.0-0.3.el7.x86_64/usr/share/spin-kickstarts/l10n
install -m 644 l10n/* /builddir/build/BUILDROOT/spin-kickstarts-0.36.0-0.3.el7.x86_64/usr/share/spin-kickstarts/l10n
mkdir -p -m 755 /builddir/build/BUILDROOT/spin-kickstarts-0.36.0-0.3.el7.x86_64/usr/share/spin-kickstarts/snippets
install -m 644 snippets/* /builddir/build/BUILDROOT/spin-kickstarts-0.36.0-0.3.el7.x86_64/usr/share/spin-kickstarts/snippets
+ /usr/lib/rpm/find-debuginfo.sh --strict-build-id -m --run-dwz --dwz-low-mem-die-limit 10000000 --dwz-max-die-limit 110000000 /builddir/build/BUILD/fedora-kickstarts-0.36.0
/usr/lib/rpm/sepdebugcrcfix: Updated 0 CRC32s, 0 CRC32s did match.
+ /usr/lib/rpm/check-buildroot
+ /usr/lib/rpm/redhat/brp-compress
+ /usr/lib/rpm/redhat/brp-strip-static-archive /usr/bin/strip
+ /usr/lib/rpm/brp-python-bytecompile /usr/bin/python 1
+ /usr/lib/rpm/redhat/brp-python-hardlink
+ /usr/lib/rpm/redhat/brp-java-repack-jars
Processing files: spin-kickstarts-0.36.0-0.3.el7.noarch
Executing(%doc): /bin/sh -e /var/tmp/rpm-tmp.iWccqo
+ umask 022
+ cd /builddir/build/BUILD
+ cd fedora-kickstarts-0.36.0
+ DOCDIR=/builddir/build/BUILDROOT/spin-kickstarts-0.36.0-0.3.el7.x86_64/usr/share/doc/spin-kickstarts-0.36.0
+ export DOCDIR
+ /usr/bin/mkdir -p /builddir/build/BUILDROOT/spin-kickstarts-0.36.0-0.3.el7.x86_64/usr/share/doc/spin-kickstarts-0.36.0
+ cp -pr COPYING /builddir/build/BUILDROOT/spin-kickstarts-0.36.0-0.3.el7.x86_64/usr/share/doc/spin-kickstarts-0.36.0
+ cp -pr README.md /builddir/build/BUILDROOT/spin-kickstarts-0.36.0-0.3.el7.x86_64/usr/share/doc/spin-kickstarts-0.36.0
+ cp -pr AUTHORS /builddir/build/BUILDROOT/spin-kickstarts-0.36.0-0.3.el7.x86_64/usr/share/doc/spin-kickstarts-0.36.0
+ exit 0
warning: Ignoring invalid regex ^%{_scl_prefix}/.*$|%{_root_sysconfdir}/rpm/macros.ffmpeg-config$
Provides: spin-kickstarts = 0.36.0-0.3.el7
Requires(rpmlib): rpmlib(CompressedFileNames) <= 3.0.4-1 rpmlib(FileDigests) <= 4.6.0-1 rpmlib(PayloadFilesHavePrefix) <= 4.0-1
Processing files: fedora-kickstarts-0.36.0-0.3.el7.noarch
warning: Ignoring invalid regex ^%{_scl_prefix}/.*$|%{_root_sysconfdir}/rpm/macros.ffmpeg-config$
Provides: fedora-kickstarts = 0.36.0-0.3.el7
Requires(rpmlib): rpmlib(CompressedFileNames) <= 3.0.4-1 rpmlib(FileDigests) <= 4.6.0-1 rpmlib(PayloadFilesHavePrefix) <= 4.0-1
Processing files: custom-kickstarts-0.36.0-0.3.el7.noarch
warning: Ignoring invalid regex ^%{_scl_prefix}/.*$|%{_root_sysconfdir}/rpm/macros.ffmpeg-config$
Provides: custom-kickstarts = 0.36.0-0.3.el7
Requires(rpmlib): rpmlib(CompressedFileNames) <= 3.0.4-1 rpmlib(FileDigests) <= 4.6.0-1 rpmlib(PayloadFilesHavePrefix) <= 4.0-1
Processing files: l10n-kickstarts-0.36.0-0.3.el7.noarch
warning: Ignoring invalid regex ^%{_scl_prefix}/.*$|%{_root_sysconfdir}/rpm/macros.ffmpeg-config$
Provides: l10n-kickstarts = 0.36.0-0.3.el7
Requires(rpmlib): rpmlib(CompressedFileNames) <= 3.0.4-1 rpmlib(FileDigests) <= 4.6.0-1 rpmlib(PayloadFilesHavePrefix) <= 4.0-1
Checking for unpackaged file(s): /usr/lib/rpm/check-files /builddir/build/BUILDROOT/spin-kickstarts-0.36.0-0.3.el7.x86_64
Wrote: /builddir/build/RPMS/spin-kickstarts-0.36.0-0.3.el7.noarch.rpm
Wrote: /builddir/build/RPMS/fedora-kickstarts-0.36.0-0.3.el7.noarch.rpm
Wrote: /builddir/build/RPMS/custom-kickstarts-0.36.0-0.3.el7.noarch.rpm
Wrote: /builddir/build/RPMS/l10n-kickstarts-0.36.0-0.3.el7.noarch.rpm
Executing(%clean): /bin/sh -e /var/tmp/rpm-tmp.zSzQQy
+ umask 022
+ cd /builddir/build/BUILD
+ cd fedora-kickstarts-0.36.0
+ /usr/bin/rm -rf /builddir/build/BUILDROOT/spin-kickstarts-0.36.0-0.3.el7.x86_64
+ exit 0
Child return code was: 0
