wpa_supplicant-1:2.6-12.el7_9.2.x86_64 1615908389 4411323 37dac619dbbf6c41241c4fd253847c5e installed
libgcc-4.8.5-44.el7.x86_64 1601433759 179272 e4efbc19aadbde022dd8a1eb4b585087 installed
fxload-2002_04_11-16.el7.x86_64 1402375539 42589 0afbcaed4ec75fc7f58bdae034727365 installed
setup-2.8.71-11.el7.noarch 1585715374 697141 ea06d9c1b2cf1331a82dac83e55e0b60 installed
alsa-tools-firmware-1.1.0-1.el7.x86_64 1478370845 86387 f89a8f2a539d75117b8183c22b2e73c5 installed
basesystem-10.0-7.el7.centos.noarch 1403865430 0 778eb3d19a934f42d1354ed795d06b4f installed
dbus-glib-0.100-7.el7.x86_64 1402373164 301237 fea831a1bb3627640677db4d441a65c6 installed
kernel-headers-3.10.0-1160.81.1.el7.x86_64 1671212820 3948314 cc389401f4a87464c52e0dd4e5cdae18 installed
python-slip-dbus-0.4.0-4.el7.noarch 1523411340 76410 e1baabc302b993f396cd14644937be0e installed
perl-srpm-macros-1-8.el7.noarch 1402343091 794 6bd0791a143b53addc95cbeb050859c8 installed
plymouth-core-libs-0.8.9-0.34.20140113.el7.centos.x86_64 1601571202 222648 07037fcee0dd664907532f4d7af3a6b4 installed
kbd-legacy-1.15.5-16.el7_9.noarch 1637771659 503608 ebb6822b7e4c90a65864a977fc779019 installed
plymouth-0.8.9-0.34.20140113.el7.centos.x86_64 1601571202 232900 ac2d56757e6d7f10db1a2f5df3071294 installed
nss-softokn-freebl-3.79.0-4.el7_9.x86_64 1664302415 787660 b4c77a12827cfdf1b5ff41de6e7ce7d0 installed
elfutils-0.176-5.el7.x86_64 1601569823 835489 f43d86682eaa591b6e61b436c3a2b3fa installed
glibc-2.17-326.el7_9.x86_64 1652890724 14100922 5b1faeed7ae09fbca5f4a99dac4e932e installed
libndp-1.2-9.el7.x86_64 1565310358 75708 feae704e18392c343ee6e907cc31e1bf installed
nss-util-3.79.0-1.el7_9.x86_64 1664293390 199016 ca6004cd05fdd4859f79f5a06fe2b504 installed
numactl-libs-2.0.12-5.el7.x86_64 1585713041 50704 37a0c0deeab5f35cff4fd811ce0826bf installed
ncurses-libs-5.9-14.20130511.el7_4.x86_64 1504735709 1028216 bba677eda5184b5127b7817d2c1dec12 installed
firewalld-0.6.3-13.el7_9.noarch 1619616676 1959961 c28ce34eb8a0372eb93e77965378ac61 installed
libsepol-2.5-10.el7.x86_64 1540935375 686640 cb2c225685a559d68fdb0e07f9b488a2 installed
NetworkManager-tui-1:1.18.8-2.el7_9.x86_64 1605543353 663320 f56abaf1ba9ab3dd7163145ff65ae6e9 installed
libselinux-2.5-15.el7.x86_64 1585711002 217762 939b030e19f37ea46c0cdda66748fb04 installed
tuned-2.11.0-12.el7_9.noarch 1663766282 819540 94441fb6958cd597d24a86289e480329 installed
info-5.1-5.el7.x86_64 1523408616 494630 e1f75e40cf956ed3efe7b49c5f6939ec installed
kexec-tools-2.0.15-51.el7_9.3.x86_64 1623255000 788973 9ed1ab23b12deb7ff13621c7ca8c7b71 installed
bzip2-libs-1.0.6-13.el7.x86_64 1447995892 70093 0486f0b02e0caa4195761266798e7a26 installed
openssh-clients-7.4p1-22.el7_9.x86_64 1637771717 2643168 d849183f4bf673f9492384a94b501ef5 installed
libuuid-2.23.2-65.el7_9.1.x86_64 1612283515 20278 01d1282604566ddad6b1360861dbcf49 installed
lshw-B.02.18-17.el7.x86_64 1601485091 964021 dc9c6dce92b12837a8da54e74de1bfda installed
popt-1.13-16.el7.x86_64 1402373003 88516 87f5d6bac8f205fb14e2072e4b47ce23 installed
audit-2.8.5-4.el7.x86_64 1565265980 660117 4f987dc8935805c20bb1e8fb325da73a installed
chkconfig-1.7.6-1.el7.x86_64 1602604010 779655 d118157f4ea930eba79b3875990b1fe7 installed
microcode_ctl-2:2.1-73.15.el7_9.x86_64 1668005845 6569032 ebc853982f7057f67108689563ad71f0 installed
readline-6.2-11.el7.x86_64 1565266059 460424 f45c914245b90ee8c80c08740ef19837 installed
rsyslog-8.24.0-57.el7_9.3.x86_64 1654010549 2007060 5e80ca4aac9460d6867fce8c261ae619 installed
grep-2.20-3.el7.x86_64 1501743524 1195131 92bc957d1c4fc3764e134d8f82544abe installed
dracut-config-rescue-033-572.el7.x86_64 1601481479 4067 62088b9aa40c8493fea3a74132cabd9a installed
libacl-2.2.51-15.el7.x86_64 1585707377 37064 d3435c79733c964eb141830587d52eb6 installed
sg3_utils-1:1.37-19.el7.x86_64 1585715421 1740657 68fff7f85d6daa0f30bba3a81542683e installed
cpio-2.11-28.el7.x86_64 1602604082 689345 4a25327c4e1ef56cbe9c481943bfebba installed
scl-utils-build-20130529-19.el7.x86_64 1540927077 18361 8efb7c3ee86a3c7462b6609cc3f3eefa installed
libgpg-error-1.12-3.el7.x86_64 1402390008 350865 a3933d4ce43c07fa9305e8765d78d099 installed
sudo-1.8.23-10.el7_9.2.x86_64 1634214547 3200193 45b59870dc84d728974ae49524d4632d installed
audit-libs-2.8.5-4.el7.x86_64 1565265980 256386 9d116ad6305cd827bdca472b2add8932 installed
e2fsprogs-1.42.9-19.el7.x86_64 1601481804 2548019 29ef87610aaff4cfc63733df3d90e8d9 installed
libgcrypt-1.5.3-14.el7.x86_64 1501689307 597727 88c64dc7c3aed6a156e4dee5def38300 installed
xfsprogs-4.5.0-22.el7.x86_64 1601488324 4079327 9cbcb7cdfcca7e7438ff258f0948999d installed
diffutils-3.3-5.el7.x86_64 1565305900 1065607 afe3eb85e5b7d459bf99dd4dae0863c9 installed
kernel-tools-3.10.0-1160.81.1.el7.x86_64 1671212820 345386 b85f455a2343dbe4fa9a73444e2cff37 installed
expat-2.1.0-15.el7_9.x86_64 1665060754 212427 108006565bfe6ecebc4d6e03d8b1907f installed
linux-firmware-20200421-80.git78c0348.el7_9.noarch 1612283759 413071535 420fc5402855559ec54f672ba16c552f installed
sqlite-3.7.17-8.el7_7.1.x86_64 1580221787 814303 d1a1160f175ba0a0c58b28273b50e8a1 installed
iwl2000-firmware-18.168.6.1-80.el7_9.noarch 1612283759 850728 d025cb69aae5c3a209c89612ce5f6df8 installed
libnl3-3.2.28-4.el7.x86_64 1501789743 864984 c1eebc92fa2af54165bbca4f0d48fead installed
iwl6050-firmware-41.28.5.1-80.el7_9.noarch 1612283759 1088324 79f68c446e571c5106cb91adaf0e0ab2 installed
groff-base-1.22.2-8.el7.x86_64 1402345046 3453946 591d2a12420abc9fa9934414fc0987f4 installed
iwl3945-firmware-15.32.2.9-80.el7_9.noarch 1612283759 304952 9dced30b906d6d67923fd7c89f369c87 installed
xz-5.2.2-2.el7_9.x86_64 1655304053 798420 0f112aba0442b136d7466a0dafad0127 installed
iwl6000-firmware-9.221.4.1-80.el7_9.noarch 1612283759 609460 46c572e254efa1c349840b2de92c7d63 installed
gdbm-1.10-8.el7.x86_64 1402349948 184322 770bd49f3898dc1cc831fb9ec12d569a installed
iwl6000g2a-firmware-18.168.6.1-80.el7_9.noarch 1612283759 1276276 fde6e92bd3900231feb1e9ebf0bcda99 installed
perl-HTTP-Tiny-0.033-3.el7.noarch 1402347217 97210 6133c7c1aee2bfeee269de4592b25884 installed
iwl7260-firmware-25.30.13.0-80.el7_9.noarch 1612283759 91205892 7ba91623aa5ad579b555fac1fe25504e installed
perl-podlators-2.5.1-3.el7.noarch 1402343776 287679 8e070dd716e3adf3c297291accaa4348 installed
iwl5000-firmware-8.83.5.1_1-80.el7_9.noarch 1612283759 1193796 a868320f09270f78031c10fbe8b9b580 installed
perl-Text-ParseWords-3.29-4.el7.noarch 1402348486 16431 58a96328cb0e6dd435d15af542467a38 installed
ivtv-firmware-2:20080701-26.el7.noarch 1402358784 857256 c7e604289faf6439a5e06f560c95ca69 installed
perl-Encode-2.51-7.el7.x86_64 1402368585 10176350 713ce27ff4434807ff7060b333ed8873 installed
iwl5150-firmware-8.24.2.2-80.el7_9.noarch 1612283759 492252 4298bbc27467252654a8f5a8d38e28ea installed
perl-Time-HiRes-4:1.9725-3.el7.x86_64 1402343844 94069 43f7c93d02750221738a8c3bc845a1ca installed
python3-rpm-macros-3-34.el7.noarch 1602605024 1839 eb3e03f235a78e5a44672293a3eaa20b installed
perl-Storable-2.45-3.el7.x86_64 1402367398 181031 25787b4b609f3ee50d1c7f33d29e0102 installed
libtirpc-0.2.4-0.16.el7.x86_64 1565310923 187279 31a6552c13832316da5e4fa9a229e527 installed
perl-Filter-1.49-3.el7.x86_64 1402353954 148475 66b1205b2eef2a89137e530741ed3710 installed
python3-pip-9.0.3-8.el7.noarch 1602605049 9521299 8b0a3887b13fb5ce53db1ff885550c5c installed
perl-Socket-2.010-5.el7.x86_64 1585713790 114497 978a2da5b65bb1f2b500d0da90e80f8b installed
python3-libs-3.6.8-18.el7.x86_64 1605548518 36289879 60741d3280c4fb741f14f0cc8bcd9af1 installed
perl-File-Path-2.09-2.el7.noarch 1402361289 50067 94d54ef6ce6893ae2a4400c4b0ce79b7 installed
python3-devel-3.6.8-18.el7.x86_64 1605548518 637253 cbea32407cd244ed91bb94076222efbe installed
perl-Scalar-List-Utils-1.27-248.el7.x86_64 1402358220 67994 2fb261c150fc06b1a978809c5a9c706e installed
perl-File-Temp-0.23.01-3.el7.noarch 1402383789 158781 396b0a1af3a203e1cb33c98814d5a6d8 installed
perl-Pod-Simple-1:3.28-4.el7.noarch 1402365613 538320 8e5edeb936a154537062b776eb41cb7d installed
perl-libs-4:5.16.3-299.el7_9.x86_64 1612283772 1647320 bac9a80208be808863c4025a5eabd9da installed
libnl3-cli-3.2.28-4.el7.x86_64 1501789743 706246 2ab983258ac35d51e049574c8ef2f4a5 installed
p11-kit-0.23.5-3.el7.x86_64 1501889820 1337825 9a0f49ca3b6d58aeb05780003cae38f1 installed
tar-2:1.26-35.el7.x86_64 1540931349 2838510 28f3087e5b512d8cc05e3a8a65727686 installed
libidn-1.28-4.el7.x86_64 1448125248 630407 3d582106ac1032c59c1cd4236e5d6415 installed
libnfnetlink-1.0.1-4.el7.x86_64 1402359682 47123 5ea6c06bb1c97e6a62cfa4bba82b6126 installed
tcp_wrappers-libs-7.6-77.el7.x86_64 1402375314 134602 79c8fbb5b52e615cbd9309a97dc36782 installed
hostname-3.13-3.el7_7.1.x86_64 1571414524 19465 73872f8ca37a5868fd6213219b4160e1 installed
keyutils-libs-1.5.8-3.el7.x86_64 1402366675 42138 e31fa37a714787d3d72e0a9316c3a85b installed
lz4-1.8.3-1.el7.x86_64 1601484911 205463 50e943f036504021a9de980b04f402c1 installed
iptables-1.4.21-35.el7.x86_64 1601571174 1556976 6a6f3a6ca298c27b8eb58a5449052b18 installed
libteam-1.29-3.el7.x86_64 1601484709 100748 e549b5f8c5e2fc060bb2b9190a4ad915 installed
ipset-libs-7.1-1.el7.x86_64 1565308538 206400 3763dbe5d8a0800fca659e2262ca7156 installed
xml-common-0.6.3-39.el7.noarch 1402349498 46969 83630b0f69dd2b423166aa9dd588dbb2 installed
less-458-9.el7.x86_64 1438300242 215376 2b1222dfb9fbcf5ca3ee2f07d897bb4c installed
file-5.11-37.el7.x86_64 1601482103 67368 17bacde6c0399ce011dc390b48fda094 installed
vim-minimal-2:7.4.629-8.el7_9.x86_64 1608050668 935768 f501e928aba854ad2b99b14d8ed98692 installed
bc-1.06.95-13.el7.x86_64 1402343514 219830 7ecc821309bbd4e262ddaf9a4c45d005 installed
pinentry-0.8.1-17.el7.x86_64 1478360967 159929 740fabe008451f11fee22ff086fb13d3 installed
libss-1.42.9-19.el7.x86_64 1601481804 73025 2ce71dfe9eb18d73c0cdef9f47cc2b4d installed
unzip-6.0-24.el7_9.x86_64 1642092746 378162 d79ce1ee4c4ee0d4d0b9bccbe73f2b9e installed
kmod-libs-20-28.el7.x86_64 1585709895 91800 b5b5262c5f2bc70956eaab42f0b8f1ed installed
which-2.20-7.el7.x86_64 1402367122 76962 5b0eff1739daa46a80e9908f39167c29 installed
glibc-headers-2.17-326.el7_9.x86_64 1652890724 2342563 9754a8c9bc98b0ad8524480fa4e09647 installed
libedit-3.0-12.20121213cvs.el7.x86_64 1402353190 244257 9e248aca4576e17c188396aa91931c63 installed
snappy-1.1.0-3.el7.x86_64 1402386034 119521 105dc8366b548ae19262fd022156a8bf installed
libstdc++-devel-4.8.5-44.el7.x86_64 1601433759 8436804 83a577b67ba3e4fad3eb10c7c19fc381 installed
libverto-0.2.5-4.el7.x86_64 1402386261 23060 341bae036f22ce087486f4d9e180caee installed
ustr-1.0.4-16.el7.x86_64 1402344766 285943 58bb2ebb64b048e24a4c7d5d51170f55 installed
libdaemon-0.14-7.el7.x86_64 1402374408 62045 f77e04cd673611d6d959c278ac8d0088 installed
slang-2.2.4-11.el7.x86_64 1402351977 1881912 82cf9088d54b58cb0ac91f8c2e033fb5 installed
kernel-tools-libs-3.10.0-1160.81.1.el7.x86_64 1671212820 18640 22e82fc20628356b7757e98e9e7bd490 installed
qrencode-libs-3.4.1-3.el7.x86_64 1402343131 126732 ac1de0c46bc1886e12ea80771951cde2 installed
libestr-0.1.9-2.el7.x86_64 1402374424 44322 38f8c132a4f998f289a4c8b3893c5de6 installed
libtasn1-4.10-1.el7.x86_64 1501633297 424486 5bd1b0b4094fac08713f986572a8625e installed
ca-certificates-2022.2.54-74.el7_9.noarch 1663766796 2314578 fa8b9d0b2aa3670a98f61272ca6a05c9 installed
coreutils-8.22-24.el7_9.2.x86_64 1605565499 14594210 21873db92cb3c945747024de6b034910 installed
python-libs-2.7.5-92.el7_9.x86_64 1656431739 24716225 7d9d446da764b2f833484dba619890de installed
libblkid-2.23.2-65.el7_9.1.x86_64 1612283515 265925 86fcddd4998b8a8559299d9e1ab02424 installed
gzip-1.5-11.el7_9.x86_64 1652367512 250421 e5c046f2a9563b4da1c487c673334394 installed
libmount-2.23.2-65.el7_9.1.x86_64 1612283515 278157 fa861327e785c3b2e42c330fb74b65d6 installed
shared-mime-info-1.8-5.el7.x86_64 1585715455 2379876 8c66fe453adb46917cd07e47cf1ba152 installed
binutils-2.27-44.base.el7_9.1.x86_64 1635781157 25181976 0a3a905d4a30196a3967f9466893c33e installed
cracklib-dicts-2.9.0-11.el7.x86_64 1402378933 9389116 da657b0facf181893f9a38437092dbbf installed
libpwquality-1.2.3-5.el7.x86_64 1523419099 332421 e40a69f0a1803dfa3736aba2c8ea1fb4 installed
gcc-4.8.5-44.el7.x86_64 1601433759 39226437 5a93652497b3c8a82e73c2ad1ce4109f installed
python-gobject-base-3.22.0-1.el7_4.1.x86_64 1511268265 1123114 e7f47d020d89e7ecc10aa699c0f8a4f0 installed
libutempter-1.1.6-4.el7.x86_64 1402365826 49749 8e28747e6a84b84af7d78c84cd8cd5e8 installed
python-schedutils-0.4-6.el7.x86_64 1478382707 43123 431f9f4a623a08e667d4fef8d1def712 installed
pyliblzma-0.5.3-11.el7.x86_64 1402377649 190112 a09aa8e806a3f6285e9fe765d69d3ee9 installed
python-perf-3.10.0-1160.81.1.el7.x86_64 1671212820 344229 5f356eea8d272a3375f0b76d3aafb727 installed
libselinux-python-2.5-15.el7.x86_64 1585711002 603100 eb5905509aa6bef1577feed51710d317 installed
gdb-7.6.1-120.el7.x86_64 1601482700 7375630 d972171eeec1e05c2ec958c5afd2581b installed
nss-pem-1.0.3-7.el7.x86_64 1565313390 205531 fcbeb88a2197423614ddfab41ef55cbe installed
nss-sysinit-3.79.0-4.el7_9.x86_64 1664314736 14111 e36eb15f64a0f0d89c70dd661fe0ffe7 installed
logrotate-3.8.6-19.el7.x86_64 1585711579 107068 2324179cbf5578aa7c7cdfd39db0e8ad installed
alsa-lib-1.1.8-1.el7.x86_64 1565265666 1433144 f65e2d34863bd31d0d4b1ec4304dbcd0 installed
fipscheck-lib-1.4.1-6.el7.x86_64 1501678069 11466 93aa3152b03992c02e0ed2759b1d3ac8 installed
libssh2-1.8.0-4.el7.x86_64 1602604454 191488 c3dbc0c6a2d776ee2a6a893d1a5fd7b7 installed
curl-7.29.0-59.el7_9.1.x86_64 1605544571 540396 d5522f431ab52fc028196412b713222b installed
rpm-4.11.3-48.el7_9.x86_64 1637771619 2622621 f3842b6f00797306f79cbbdcb333c7e5 installed
gnupg2-2.0.22-5.el7_5.x86_64 1531487214 6637796 a293dfefd6596bfe5c54ba68377e334e installed
libuser-0.60-9.el7.x86_64 1523558694 1952592 8fdd92e668b91208dfd916ebdce8a297 installed
rpm-python-4.11.3-48.el7_9.x86_64 1637771619 149762 c8f9fc0d4d90d86870f08f16a14dfc8c installed
pygpgme-0.3-9.el7.x86_64 1402356647 197501 67b8c720f59a063adbbca2392bac0281 installed
python-urlgrabber-3.10-10.el7.noarch 1585714443 503358 86520621451601031574f88ea0f852de installed
yum-3.4.3-168.el7.centos.noarch 1601571829 5829237 9068a3f50b0f5851a82c7a990dbffa59 installed
sg3_utils-libs-1:1.37-19.el7.x86_64 1585715421 184575 fff2e26744b9d7c3e56458f7c72d2db7 installed
procps-ng-3.3.10-28.el7.x86_64 1601486497 759395 827044eba1dd3f5fd8fbb2ad9911fb06 installed
device-mapper-7:1.02.170-6.el7_9.5.x86_64 1619616727 342456 511318eae506189450b1e14c1e62ebd4 installed
device-mapper-libs-7:1.02.170-6.el7_9.5.x86_64 1619616727 404687 df29966875882d5da1d7687d4a742d1b installed
dracut-033-572.el7.x86_64 1601481479 905396 d90b9b6b8f6783d83d5e2d1b09a8f632 installed
elfutils-libs-0.176-5.el7.x86_64 1601569823 808799 32fa25ce22d3a56e1459cd0592b81562 installed
dbus-libs-1:1.10.24-15.el7.x86_64 1601481306 362600 58e455028fbb88b7b18f4cfdc4b24514 installed
dbus-1:1.10.24-15.el7.x86_64 1601481306 594463 3040b3d83397504a4a52edc8330edea3 installed
polkit-0.112-26.el7_9.1.x86_64 1643139770 491722 a476bdf71aabbbdaeae4e32a3e448cff installed
iputils-20160308-10.el7.x86_64 1501833664 343497 dfa219e6db737a1eb1b5cb23b532e858 installed
systemd-sysv-219-78.el7_9.7.x86_64 1662044298 3979 9da9bc48a17d852f589b9715e5a6b546 installed
cronie-anacron-1.4.11-24.el7_9.x86_64 1642092732 41603 56d0f8448d6ea526a8356b0e8e8e7292 installed
crontabs-1.11-6.20121102git.el7.noarch 1402352071 3700 fd3333fc8f165308a474191959f89389 installed
dhcp-libs-12:4.2.5-83.el7.centos.1.x86_64 1623254998 149144 0f02c486925b93895be9251a17a91285 installed
openssh-7.4p1-22.el7_9.x86_64 1637771717 1991172 7d53a12d4145e079fa1881d861a77e4b installed
dhcp-common-12:4.2.5-83.el7.centos.1.x86_64 1623254998 245529 56a36059541f1187f5fe950ff090ace6 installed
dracut-network-033-572.el7.x86_64 1601481479 149776 bfce3f4d9a273b01cc29e10b7972cd2f installed
libdrm-2.4.97-2.el7.x86_64 1565309734 367605 59a91115c18d7ca9a5c52d72968d0f27 installed
gpg-pubkey-f4a80eb5-53a7ff4b 1403518795 0 (none) installed
ebtables-2.0.10-16.el7.x86_64 1523414697 350763 32054b573019165ff4d238b252c8e4db installed
centos-release-7-9.2009.1.el7.centos.x86_64 1606144121 44787 3bd5cfe3f55b8a69ea5e20304ca50b37 installed
alsa-firmware-1.0.28-2.el7.noarch 1425592715 9572469 f20ebbc1917ef7d9f8b42c34235adcc9 installed
filesystem-3.2-25.el7.x86_64 1523422829 0 93e1c91a2dbd4d3ac61fb70a40a7c228 installed
teamd-1.29-3.el7.x86_64 1601484709 282122 2eb31031afe54ee4c0908fe2a387d052 installed
python-srpm-macros-3-34.el7.noarch 1602605024 3838 99875f6f333850216863f7d91cf485ea installed
dbus-python-1.1.1-9.el7.x86_64 1402384360 848122 6be4da91886c59ae25e5255ebff0a0a9 installed
kbd-misc-1.15.5-16.el7_9.noarch 1637771659 2419757 a94d12ac62a72c9583e1a50ed933e85c installed
python-firewall-0.6.3-13.el7_9.noarch 1619616676 1977143 605bd2e69ea9919e18c8306152cb31d9 installed
ncurses-base-5.9-14.20130511.el7_4.noarch 1504735709 223432 c955fdfe1f8f20b1053a34918e44bd58 installed
plymouth-scripts-0.8.9-0.34.20140113.el7.centos.x86_64 1601571202 22795 0b6bb0768002f105ac4de82b7be2d0a1 installed
tzdata-2022g-1.el7.noarch 1670330747 1844472 b3cd9976b74d8f8bb6ecbacc6e6bf4ac installed
python-pyudev-0.15-9.el7.noarch 1501739486 241404 ef4d3ded68a56ef008e0b0b0e9f07463 installed
glibc-common-2.17-326.el7_9.x86_64 1652890724 226621529 f8ba4d3af3e581111f062731a0306a9f installed
virt-what-1.18-4.el7_9.1.x86_64 1630421257 46018 fb2bced33da1fb6938413b594cb9cfe5 installed
nspr-4.34.0-3.1.el7_9.x86_64 1664290340 291664 29e2e0389e617a5581ad99f9692c32f0 installed
NetworkManager-1:1.18.8-2.el7_9.x86_64 1605543353 5381334 085717b973e54cbe4df15deb8ed677a9 installed
libstdc++-4.8.5-44.el7.x86_64 1601433759 1081666 4bf771ddbb632e6b6da76cc3bd14e425 installed
firewalld-filesystem-0.6.3-13.el7_9.noarch 1619616676 239 beb8aad9b4d2a8bfb171d6d219c83afe installed
bash-4.2.46-35.el7_9.x86_64 1637771749 3667724 3effabfcf31212fcf2b1b82c65c37de3 installed
irqbalance-3:1.0.7-12.el7.x86_64 1565308679 71212 a46d9fc040eb7826caf571289fd70cef installed
pcre-8.32-17.el7.x86_64 1501643292 1475532 04a1926cc29eef0f79f8183eb7907024 installed
NetworkManager-team-1:1.18.8-2.el7_9.x86_64 1605543353 41352 f7fef6563abba5578d62ad76126bd684 installed
zlib-1.2.7-20.el7_9.x86_64 1652367495 185206 959174aae3c7f5a0b11370b5f5c1c23c installed
rpm-build-4.11.3-48.el7_9.x86_64 1637771619 331384 19ad69316195568dcc72ecb3c163d1a1 installed
xz-libs-5.2.2-2.el7_9.x86_64 1655304053 239983 00fab3b3934e23d8b130a49c45ada0e2 installed
selinux-policy-targeted-3.13.1-268.el7_9.2.noarch 1605545523 20162037 678f83eaa60876a7ba5675f317252c97 installed
libcom_err-1.42.9-19.el7.x86_64 1601481804 60425 17ce0e8ec66bb2984af53998bde8a4d2 installed
openssh-server-7.4p1-22.el7_9.x86_64 1637771717 993610 11e86fd7732fed87e7e0c48e611e04d7 installed
sed-4.2.2-7.el7.x86_64 1601487357 601267 4523ac99048091e140e598af1d653721 installed
postfix-2:2.10.1-9.el7.x86_64 1585714153 12820849 cac121d1de39a476f2accd63e6bd23fd installed
libdb-5.3.21-25.el7.x86_64 1565309918 1858144 1be9acf59aae36003d65af028af67ebf installed
kbd-1.15.5-16.el7_9.x86_64 1637771659 1381867 2fa790d7e74c1248e0b4a2119ce2a0bf installed
elfutils-libelf-0.176-5.el7.x86_64 1601569823 916150 c45c186cf049050f6df0210fbbe3ca82 installed
aic94xx-firmware-30-6.el7.noarch 1402383427 30752 b237860754524f4a0e44bd3761f148d8 installed
gawk-4.0.2-4.el7_3.1.x86_64 1498686770 2435978 5efa8feaeb12d57cda1a9bcd9c8af917 installed
biosdevname-0.7.3-2.el7.x86_64 1565305294 59254 2dfba280cf5636ace9b50d4bc05e5e74 installed
libattr-2.4.46-13.el7.x86_64 1523407244 19896 209b05c7b77a33a4cc176077945833e8 installed
parted-3.1-32.el7.x86_64 1585713649 2336852 fade0eb215354b687766ee932064f297 installed
libcap-2.22-11.el7.x86_64 1585710513 107365 49e9db222f10b2e400a1736eb13270c6 installed
man-db-2.6.3-11.el7.x86_64 1540931214 2138837 525f5afe15a2be5104a04cc37ca43cdb installed
gmp-1:6.0.0-15.el7.x86_64 1501722795 657046 4cd60ebf94766a46c590e17036ece777 installed
passwd-0.79-6.el7.x86_64 1585713439 430226 379143d8baca6f2aaf6f9597df9d2103 installed
libcap-ng-0.7.5-4.el7.x86_64 1448001510 50510 84efa5ca78408f78e606e7c8d1816759 installed
gcc-c++-4.8.5-44.el7.x86_64 1601433759 17273811 f93d556507492d88b92cf0e5d293bb3b installed
libffi-3.0.13-19.el7.x86_64 1585710522 47790 61429cfa793f438e1a1ee6f71fdfd1f0 installed
btrfs-progs-4.9.1-1.el7.x86_64 1502037157 4142307 c325fa2c94a089c90c9b53eebae86f2b installed
lua-5.1.4-15.el7.x86_64 1478400455 640319 d5973eb7ca2bb665f5fbb7141f2e27a3 installed
iprutils-2.4.17.1-3.el7_7.x86_64 1580907525 955797 c4268e1f48d297f2c11a059caff35bfe installed
findutils-1:4.5.11-6.el7.x86_64 1540917834 1855882 162b03172dee0f90443197d424bc9be0 installed
make-1:3.82-24.el7.x86_64 1565311645 1160660 c05a8addeca9104ca654b2019a664428 installed
mpfr-3.1.1-4.el7.x86_64 1402362714 554279 4cedb227fd4730529b0874792007692b installed
libsysfs-2.1.0-16.el7.x86_64 1402358779 149365 37c973babdcca358663da83da7a1c21f installed
file-libs-5.11-37.el7.x86_64 1601482103 3076741 0919ae038ea6cea885f1643c0f876664 installed
rootfiles-8.1-11.el7.noarch 1402344693 599 b9b9eceee7ad38f868520e80f3404642 installed
libmpc-1.0.1-3.el7.x86_64 1402343098 113833 835abbe42dbf1e0f94d227d54c01f483 installed
iwl135-firmware-18.168.6.1-80.el7_9.noarch 1612283759 856080 00ce6362f8db24021dd9827db6ec8f8d installed
libxml2-2.9.1-6.el7_9.6.x86_64 1634832935 1706142 f6b4d8cf5482c93969ce37ee33cf209c installed
iwl2030-firmware-18.168.6.1-80.el7_9.noarch 1612283759 862244 62c157939cb50fade23ae52d9523d47f installed
libmnl-1.0.3-7.el7.x86_64 1403020142 51847 a73c0dd6533ee63b1c100c01c3cf2fc6 installed
iwl105-firmware-18.168.6.1-80.el7_9.noarch 1612283759 844532 e6768e46276461f84400ad73837be599 installed
perl-parent-1:0.225-244.el7.noarch 1402384520 8141 d902f1a3426caa19ccbccf09263c54f6 installed
iwl1000-firmware-1:39.31.5.1-80.el7_9.noarch 1612283759 827428 001b712582d3620a8e3094a944f7133d installed
perl-Pod-Perldoc-3.20-4.el7.noarch 1402388270 166910 29a8a33b24ddf4e0e95ad8d2484cc277 installed
iwl6000g2b-firmware-18.168.6.1-80.el7_9.noarch 1612283759 1294524 b61c97a07ee24059c602e1a028bf8d6b installed
perl-Pod-Escapes-1:1.04-299.el7_9.noarch 1612284229 21091 f740345d55e41d9a92d1308cb2891ce8 installed
iwl4965-firmware-228.61.2.24-80.el7_9.noarch 1612283759 342824 615b9d7d0345ccfa739d1b823f71194a installed
perl-Pod-Usage-1.63-3.el7.noarch 1402390579 44671 1db34851ba13011739022f031438e15c installed
iwl100-firmware-39.31.5.1-80.el7_9.noarch 1612283759 492424 c985a4d6d3abc976628e90a8372b8a64 installed
perl-macros-4:5.16.3-299.el7_9.x86_64 1612283772 5134 cc56a8cb39fd2f5c9c4e48489362539b installed
iwl3160-firmware-25.30.13.0-80.el7_9.noarch 1612283759 10463160 13e76dbded6052279e5db62b614ec875 installed
perl-threads-1.87-4.el7.x86_64 1402377734 98615 29739d2f766c8bd85e85de9f8ccb7367 installed
python-rpm-macros-3-34.el7.noarch 1602605024 4234 9c48c27d0b87e5fcf31da492d4a9125d installed
perl-Carp-1.26-244.el7.noarch 1402362759 28276 0f9ffc1d8836311235869048667422e9 installed
python3-setuptools-39.2.0-10.el7.noarch 1565197197 3815469 b6fbabc6e414c15f767481e7a5123a75 installed
perl-Exporter-5.68-3.el7.noarch 1402373350 56612 d6e7deb74b149e4b7aa23a998a127bb4 installed
python3-3.6.8-18.el7.x86_64 1605548518 39896 b2ec715a6ba4f9ebe212eaa4f10424ca installed
perl-threads-shared-1.43-6.el7.x86_64 1402380447 73972 cd3e1ec9dfe8b5e9121fcd53b41aa197 installed
python3-rpm-generators-6-2.el7.noarch 1565172918 54758 3acf2402ecf1c12557f2fb490946dda5 installed
perl-PathTools-3.40-5.el7.x86_64 1402373476 174131 c597987071b0f81a0029667e83e1ecae installed
help2man-1.41.1-3.el7.noarch 1402351312 247232 45b7cbdc400ea94af982810dd5027829 installed
perl-Time-Local-1.2300-2.el7.noarch 1402342290 44062 8dba0f2d49849dc3990cfc9e91d5ec6b installed
perl-Getopt-Long-2.40-3.el7.noarch 1523406856 134846 e4fc3f2fed36897ae178ecd5d9475217 installed
perl-constant-1.27-2.el7.noarch 1402368682 26364 f3ecfa1ce48e13496322e341a3f0b72c installed
perl-4:5.16.3-299.el7_9.x86_64 1612283772 23556436 99e96640535d2b1b015f48e7e872bebc installed
nss-softokn-3.79.0-4.el7_9.x86_64 1664302415 1463390 d2513b6cbafc4896585c0b34008244c8 installed
libassuan-2.1.0-3.el7.x86_64 1402341240 155391 c4c94aadc9da58f576b4ef238d0136cb installed
e2fsprogs-libs-1.42.9-19.el7.x86_64 1601481804 363601 85231193a3b5c10ab3f951531f9fee83 installed
sysvinit-tools-2.88-14.dsf.el7.x86_64 1402355804 109118 92a1f861a25257bf73735dc5360940f2 installed
jansson-2.10-1.el7.x86_64 1501720328 74998 47add619dede2cd5e4079de7250ed141 installed
lzo-2.06-8.el7.x86_64 1448004401 165360 fb57116a5f1f0e494abb8db7e7bfb249 installed
ethtool-2:4.8-10.el7.x86_64 1565306219 354299 6c5a06ccdb8c3910b6bfa004fe0978e9 installed
pciutils-libs-3.5.1-3.el7.x86_64 1523415042 72691 ea4cb9fe5e425fffdd0ab23f74ad2da8 installed
libnetfilter_conntrack-1.0.6-1.el7_3.x86_64 1495742385 143566 d39e408e9135443bab55466af0a08bad installed
iproute-4.11.0-30.el7.x86_64 1601484059 1901449 dd8b9d13d3fa61df4eb1f81f40fb6ee1 installed
perl-Thread-Queue-3.02-2.el7.noarch 1402347633 27642 29d052232cb1b86133bd838739672a15 installed
ipset-7.1-1.el7.x86_64 1565308538 62030 330d0f12adf155fc053df72a5644d6ef installed
iso-codes-3.46-2.el7.noarch 1402386928 14504447 fdc8f7128246bcb6b43ff39516165f85 installed
cpp-4.8.5-44.el7.x86_64 1601433759 15636565 fc9fb686c38a12f3ea1a8a1558684fa6 installed
acl-2.2.51-15.el7.x86_64 1585707377 201209 ca945ffcb793aa5f88ce8a2b9ba82753 installed
patch-2.7.1-12.el7_7.x86_64 1571788780 215353 9a704b9a2dde0e91be95a333d8d12efb installed
dwz-0.11-3.el7.x86_64 1402363547 225103 28a047bc76d0ad80e6938a94898129ca installed
libdb-utils-5.3.21-25.el7.x86_64 1565309918 322471 75032d455ebe208a62eef3f2b83af865 installed
bzip2-1.0.6-13.el7.x86_64 1447995892 83791 704f597825711270b0ba2af51bebecae installed
zip-3.0-11.el7.x86_64 1478364595 815173 f49ae6270a053005b67e417123691ca7 installed
libgomp-4.8.5-44.el7.x86_64 1601433759 212144 91a373019a746039e03c07bd6e19c7d0 installed
libselinux-utils-2.5-15.el7.x86_64 1585711002 175701 783342c586aa75516ead342d6fe98ef4 installed
glibc-devel-2.17-326.el7_9.x86_64 1652890724 1066188 7c327c2f0c56d479e77778b056d36068 installed
ncurses-5.9-14.20130511.el7_4.x86_64 1504735709 439378 8ca93e2831102818759a22e22e871268 installed
mozjs17-17.0.0-20.el7.x86_64 1523406787 4045213 f3bba29febd3dbaceab6325a8ac141f7 installed
pth-2.0.7-23.el7.x86_64 1448007112 267851 2d6939b73767d0f96b02677bcbeef2e2 installed
libsmartcols-2.23.2-65.el7_9.1.x86_64 1612283515 168720 7f82d20c0604f2e1d0a51da90fee5d6e installed
libsemanage-2.5-14.el7.x86_64 1540943073 302329 95dadf0074c4bbd2d63b0c6d5e6922fa installed
dmidecode-1:3.2-5.el7_9.1.x86_64 1615908358 216313 1313ff048410d9f12c2cb12666477906 installed
newt-0.52.15-4.el7.x86_64 1402386492 185196 0d10a144053e012313ebe3967f229985 installed
hardlink-1:1.0-19.el7.x86_64 1402381564 16545 3a1bcd8e12bbdbced75d74b5919a039a installed
libfastjson-0.99.4-3.el7.x86_64 1540929715 57273 78214766b2b95989e74e242230d8d9b9 installed
lsscsi-0.27-6.el7.x86_64 1501726266 90475 94b052020238b1f5aeb77f091f48a9df installed
p11-kit-trust-0.23.5-3.el7.x86_64 1501889820 437261 2dc2f7ab212401098e8821ce23f21741 installed
openssl-libs-1:1.0.2k-25.el7_9.x86_64 1648482195 3208412 f2ecd0bf85c47794b1f8f54170b2cbdf installed
krb5-libs-1.15.1-55.el7_9.x86_64 1669835018 2204184 6fee5dd63dcbfce2bc65c8bbda56cf16 installed
python-2.7.5-92.el7_9.x86_64 1656431739 80835 f809b23c2115a31918db685d89ea687e installed
shadow-utils-2:4.6-5.el7.x86_64 1565319063 3887289 975b2bbe58a4f03ef8c9b8159b59af7f installed
cracklib-2.9.0-11.el7.x86_64 1402378933 209610 a973d883d6785904e49266428bb3ed90 installed
glib2-2.56.1-9.el7_9.x86_64 1623255133 12174105 580cf60d7017ca850ce749d5e9596352 installed
python-decorator-3.4.0-3.el7.noarch 1402357561 72291 b1bd578857db8f0926aa352e26b724f6 installed
pkgconfig-1:0.27.1-4.el7.x86_64 1402351548 105522 ef58117c9c617599952c0642ff5e8d00 installed
pam-1.1.8-23.el7.x86_64 1585713659 2632373 4a759efcb0060afe29709c051707f971 installed
cyrus-sasl-lib-2.1.26-24.el7_9.x86_64 1645709263 396919 147d094b00df6d5b27a318e66e06f1bc installed
gobject-introspection-1.56.1-1.el7.x86_64 1541172309 854207 35d1071e217a3adca0dc2679a049ca04 installed
yum-metadata-parser-1.1.4-10.el7.x86_64 1402389588 58789 929f0abd8c5671c69f86fce8d7cdd42d installed
python-iniparse-0.4-9.el7.noarch 1402351494 115166 3140d9efca99c4dd5215383bab36bca5 installed
python-configobj-4.7.2-7.el7.noarch 1402383428 611855 c6e46fe4ed729a6ab4185fe35ac7b126 installed
pyxattr-0.5.1-5.el7.x86_64 1402352697 63304 e85121da681760c48a2af6ed8aa31b4e installed
python-linux-procfs-0.4.11-4.el7.noarch 1565316505 96890 06c94549e4942bd5f8182c2a8efd2c73 installed
python-slip-0.4.0-4.el7.noarch 1523411340 61353 40a4d0c27faebe2593776dfb1fb8ffa0 installed
bind-export-libs-32:9.11.4-26.P2.el7_9.10.x86_64 1664867372 3011857 ce6ea3b7fa64256327e6efb24ba8b309 installed
nss-3.79.0-4.el7_9.x86_64 1664314736 2584370 7ed5e3f996b7b70ec5ac374129033a2c installed
nss-tools-3.79.0-4.el7_9.x86_64 1664314736 2285892 b51535976dc2041c8e325517fd839785 installed
centos-logos-70.0.6-3.el7.centos.noarch 1443643112 22548401 288c573e626f84c20c6830e833da985c installed
fipscheck-1.4.1-6.el7.x86_64 1501678069 38839 a2e0953263a6285a00476819997c1caf installed
mariadb-libs-1:5.5.68-1.el7.x86_64 1601580310 4615028 d3f77cc7dcd622bce9cbd281ceee4ec9 installed
libcurl-7.29.0-59.el7_9.1.x86_64 1605544571 439280 36a88f67f14d6ed72436b11c72c9e2dc installed
rpm-libs-4.11.3-48.el7_9.x86_64 1637771619 615464 4795540bb6e6f1c4934f029445c7b5b2 installed
openldap-2.4.44-25.el7_9.x86_64 1645636356 1037056 e9f7c2195fb6db4381b991898a4aec55 installed
rpm-build-libs-4.11.3-48.el7_9.x86_64 1637771619 166656 e97082bac13288d23367a872bdd0c3fc installed
redhat-rpm-config-9.1.0-88.el7.centos.noarch 1565130322 174572 39bd397ca4fd5470144024e5e7531bd1 installed
gpgme-1.3.2-5.el7.x86_64 1402362184 547534 d693313ae4184395e902c28ce87d4573 installed
python-pycurl-7.19.0-19.el7.x86_64 1478358654 241513 d5152315d59bde1faaa203e68de6a64e installed
yum-plugin-fastestmirror-1.1.31-54.el7_8.noarch 1589300864 53897 2b427db05c3d84f7aa659e65c4f43230 installed
libpipeline-1.2.3-3.el7.x86_64 1402379183 142521 a29b86c18461f4865032b398b32361a9 installed
json-c-0.11-4.el7_0.x86_64 1403612338 65593 62bcb642b82d3b3aeb99ba9ba1b40715 installed
kpartx-0.4.9-136.el7_9.x86_64 1668612098 41267 3f6282ffc25caefd82ca4e4f2b144af7 installed
util-linux-2.23.2-65.el7_9.1.x86_64 1612283515 8482896 aca5cd217dc2c0d39ef1914719f72d16 installed
cryptsetup-libs-2.0.3-6.el7.x86_64 1585707796 1219519 61f488ba5b278e434e4558e750b17127 installed
kmod-20-28.el7.x86_64 1585709895 247868 177062346afeda2c51ce12cb8c20a670 installed
systemd-libs-219-78.el7_9.7.x86_64 1662044298 1262560 4460ffb8c4a337f46b5ed83e0108950b installed
systemd-219-78.el7_9.7.x86_64 1662044298 24448450 2b2aa07094f852d7694ccf6041ce28de installed
elfutils-default-yama-scope-0.176-5.el7.noarch 1601569823 1810 e7ff84b810bf4bb547c3d1bad7a43243 installed
polkit-pkla-compat-0.1-4.el7.x86_64 1402351714 82409 6223b23986b963d6f9218a52291ec98e installed
initscripts-9.49.53-1.el7_9.1.x86_64 1605543621 1523595 f148f07e085a36949288faa084186519 installed
hwdata-0.252-9.7.el7.x86_64 1601483532 15118514 cde0e0efc96ddb9ca66826818783b5d5 installed
cronie-1.4.11-24.el7_9.x86_64 1642092732 220424 14edbee0b7d94a7f14008453d0298a1d installed
NetworkManager-libnm-1:1.18.8-2.el7_9.x86_64 1605543353 8951506 509b04ea0b59749337881b39e39c776e installed
policycoreutils-2.5-34.el7.x86_64 1585713898 5330379 c0be9b64cd7a723a28ad7c6dafc5deac installed
selinux-policy-3.13.1-268.el7_9.2.noarch 1605545523 6911 97b7d83c5843aa9b457f3b95d1012852 installed
dhclient-12:4.2.5-83.el7.centos.1.x86_64 1623254998 486007 c33a280a8fc9004b7b968e61f8b3cf8f installed
libpciaccess-0.14-1.el7.x86_64 1523413923 45649 b980f4a133f488a872fea9465d6039ed installed
