Mock Version: 2.17
ENTER ['do_with_status'](['bash', '--login', '-c', '/usr/bin/rpmbuild -bs --target x86_64 --nodeps /builddir/build/SPECS/ffmpeg.spec'], chrootPath='/var/lib/mock/centos+epel-7-x86_64/root'env={'TERM': 'vt100', 'SHELL': '/bin/bash', 'HOME': '/builddir', 'HOSTNAME': 'mock', 'PATH': '/usr/bin:/bin:/usr/sbin:/sbin', 'PROMPT_COMMAND': 'printf "\\033]0;<mock-chroot>\\007"', 'PS1': '<mock-chroot> \\s-\\v\\$ ', 'LANG': 'C.UTF-8'}shell=Falselogger=<mockbuild.trace_decorator.getLog object at 0x7fcf1885beb8>timeout=0uid=0gid=135user='mockbuild'nspawn_args=['--capability=cap_ipc_lock', '--bind=/tmp/mock-resolv.98qaibk7:/etc/resolv.conf', '--bind=/dev/btrfs-control', '--bind=/dev/loop-control', '--bind=/dev/loop0', '--bind=/dev/loop1', '--bind=/dev/loop2', '--bind=/dev/loop3', '--bind=/dev/loop4', '--bind=/dev/loop5', '--bind=/dev/loop6', '--bind=/dev/loop7', '--bind=/dev/loop8', '--bind=/dev/loop9', '--bind=/dev/loop10', '--bind=/dev/loop11']unshare_net=FalseprintOutput=True)
Using nspawn with args ['--capability=cap_ipc_lock', '--bind=/tmp/mock-resolv.98qaibk7:/etc/resolv.conf', '--bind=/dev/btrfs-control', '--bind=/dev/loop-control', '--bind=/dev/loop0', '--bind=/dev/loop1', '--bind=/dev/loop2', '--bind=/dev/loop3', '--bind=/dev/loop4', '--bind=/dev/loop5', '--bind=/dev/loop6', '--bind=/dev/loop7', '--bind=/dev/loop8', '--bind=/dev/loop9', '--bind=/dev/loop10', '--bind=/dev/loop11']
Executing command: ['/usr/bin/systemd-nspawn', '-q', '-M', '5979945113984788973fdffcf9f50730', '-D', '/var/lib/mock/centos+epel-7-x86_64/root', '-u', 'mockbuild', '--capability=cap_ipc_lock', '--bind=/tmp/mock-resolv.98qaibk7:/etc/resolv.conf', '--bind=/dev/btrfs-control', '--bind=/dev/loop-control', '--bind=/dev/loop0', '--bind=/dev/loop1', '--bind=/dev/loop2', '--bind=/dev/loop3', '--bind=/dev/loop4', '--bind=/dev/loop5', '--bind=/dev/loop6', '--bind=/dev/loop7', '--bind=/dev/loop8', '--bind=/dev/loop9', '--bind=/dev/loop10', '--bind=/dev/loop11', '--setenv=TERM=vt100', '--setenv=SHELL=/bin/bash', '--setenv=HOME=/builddir', '--setenv=HOSTNAME=mock', '--setenv=PATH=/usr/bin:/bin:/usr/sbin:/sbin', '--setenv=PROMPT_COMMAND=printf "\\033]0;<mock-chroot>\\007"', '--setenv=PS1=<mock-chroot> \\s-\\v\\$ ', '--setenv=LANG=C.UTF-8', 'bash', '--login', '-c', '/usr/bin/rpmbuild -bs --target x86_64 --nodeps /builddir/build/SPECS/ffmpeg.spec'] with env {'TERM': 'vt100', 'SHELL': '/bin/bash', 'HOME': '/builddir', 'HOSTNAME': 'mock', 'PATH': '/usr/bin:/bin:/usr/sbin:/sbin', 'PROMPT_COMMAND': 'printf "\\033]0;<mock-chroot>\\007"', 'PS1': '<mock-chroot> \\s-\\v\\$ ', 'LANG': 'C.UTF-8', 'SYSTEMD_NSPAWN_TMPFS_TMP': '0', 'SYSTEMD_SECCOMP': '0'} and shell False
Building target platforms: x86_64
Building for target x86_64
Wrote: /builddir/build/SRPMS/ffmpeg-5.1.2-1.el7.src.rpm
Child return code was: 0
ENTER ['do_with_status'](['bash', '--login', '-c', '/usr/bin/rpmbuild -bb --target x86_64 --nodeps /builddir/build/SPECS/ffmpeg.spec'], chrootPath='/var/lib/mock/centos+epel-7-x86_64/root'env={'TERM': 'vt100', 'SHELL': '/bin/bash', 'HOME': '/builddir', 'HOSTNAME': 'mock', 'PATH': '/usr/bin:/bin:/usr/sbin:/sbin', 'PROMPT_COMMAND': 'printf "\\033]0;<mock-chroot>\\007"', 'PS1': '<mock-chroot> \\s-\\v\\$ ', 'LANG': 'C.UTF-8'}shell=Falselogger=<mockbuild.trace_decorator.getLog object at 0x7fcf1885beb8>timeout=0uid=0gid=135user='mockbuild'nspawn_args=['--capability=cap_ipc_lock', '--bind=/tmp/mock-resolv.98qaibk7:/etc/resolv.conf', '--bind=/dev/btrfs-control', '--bind=/dev/loop-control', '--bind=/dev/loop0', '--bind=/dev/loop1', '--bind=/dev/loop2', '--bind=/dev/loop3', '--bind=/dev/loop4', '--bind=/dev/loop5', '--bind=/dev/loop6', '--bind=/dev/loop7', '--bind=/dev/loop8', '--bind=/dev/loop9', '--bind=/dev/loop10', '--bind=/dev/loop11']unshare_net=FalseprintOutput=True)
Using nspawn with args ['--capability=cap_ipc_lock', '--bind=/tmp/mock-resolv.98qaibk7:/etc/resolv.conf', '--bind=/dev/btrfs-control', '--bind=/dev/loop-control', '--bind=/dev/loop0', '--bind=/dev/loop1', '--bind=/dev/loop2', '--bind=/dev/loop3', '--bind=/dev/loop4', '--bind=/dev/loop5', '--bind=/dev/loop6', '--bind=/dev/loop7', '--bind=/dev/loop8', '--bind=/dev/loop9', '--bind=/dev/loop10', '--bind=/dev/loop11']
Executing command: ['/usr/bin/systemd-nspawn', '-q', '-M', '1ffda56142c54dde9d7928fd437aa76c', '-D', '/var/lib/mock/centos+epel-7-x86_64/root', '-u', 'mockbuild', '--capability=cap_ipc_lock', '--bind=/tmp/mock-resolv.98qaibk7:/etc/resolv.conf', '--bind=/dev/btrfs-control', '--bind=/dev/loop-control', '--bind=/dev/loop0', '--bind=/dev/loop1', '--bind=/dev/loop2', '--bind=/dev/loop3', '--bind=/dev/loop4', '--bind=/dev/loop5', '--bind=/dev/loop6', '--bind=/dev/loop7', '--bind=/dev/loop8', '--bind=/dev/loop9', '--bind=/dev/loop10', '--bind=/dev/loop11', '--setenv=TERM=vt100', '--setenv=SHELL=/bin/bash', '--setenv=HOME=/builddir', '--setenv=HOSTNAME=mock', '--setenv=PATH=/usr/bin:/bin:/usr/sbin:/sbin', '--setenv=PROMPT_COMMAND=printf "\\033]0;<mock-chroot>\\007"', '--setenv=PS1=<mock-chroot> \\s-\\v\\$ ', '--setenv=LANG=C.UTF-8', 'bash', '--login', '-c', '/usr/bin/rpmbuild -bb --target x86_64 --nodeps /builddir/build/SPECS/ffmpeg.spec'] with env {'TERM': 'vt100', 'SHELL': '/bin/bash', 'HOME': '/builddir', 'HOSTNAME': 'mock', 'PATH': '/usr/bin:/bin:/usr/sbin:/sbin', 'PROMPT_COMMAND': 'printf "\\033]0;<mock-chroot>\\007"', 'PS1': '<mock-chroot> \\s-\\v\\$ ', 'LANG': 'C.UTF-8', 'SYSTEMD_NSPAWN_TMPFS_TMP': '0', 'SYSTEMD_SECCOMP': '0'} and shell False
Building target platforms: x86_64
Building for target x86_64
Executing(%prep): /bin/sh -e /var/tmp/rpm-tmp.6Z8STB
+ umask 022
+ cd /builddir/build/BUILD
+ cd /builddir/build/BUILD
+ rm -rf ffmpeg-5.1.2
+ /usr/bin/mkdir -p ffmpeg-5.1.2
+ cd ffmpeg-5.1.2
+ /usr/bin/chmod -Rf a+rX,u+w,g-w,o-w .
+ cat
+ tee README
Package ffmpeg is the main package for Red Hat Developer
Toolset 11.  By installing the ffmpeg package, you will get
the working set of packages that are included in Red Hat Developer
Toolset 11.  It is possible to install only certain components,
such as performance tools or the toolchain packages used to develop
and debug applications, since this package contains a number of meta
packages. These are: ffmpeg-perftools, which includes performance
monitoring tools; and ffmpeg-toolchain, which includes development
and debugging tools.
Usage: scl enable ffmpeg <command>
Red Hat Developer Toolset allows you to build and execute applications
which are not located in the filesystem root hierarchy, but are
stored in an alternative location, which is /opt/rh/ffmpeg/root in case
of the ffmpeg collection.
Examples:
scl enable ffmpeg 'command --arg'
  Run a specific command with the argument --arg within the ffmpeg
  Red Hat Developer Toolset environment.
scl enable ffmpeg 'gcc'
  Run GCC from the ffmpeg Red Hat Developer Toolset.
scl enable ffmpeg 'bash'
  Run an interactive shell wherein the ffmpeg software collection
  is enabled.
scl enable ffmpeg 'man gcc'
  Show man pages for the gcc command, which is a part of the
  ffmpeg Red Hat Developer Toolset.
Report bugs to <http://bugzilla.redhat.com>.
Executing(%build): /bin/sh -e /var/tmp/rpm-tmp.ZF3Dih
+ exit 0
+ umask 022
+ cd /builddir/build/BUILD
+ cd ffmpeg-5.1.2
+ cat
+ tee h2m_helper
#!/bin/sh
if [ "$1" = "--version" ]; then
  printf '%s' "ffmpeg 5.1.2 Software Collection"
else
  cat README
fi
+ chmod a+x h2m_helper
+ help2man -N --section 7 ./h2m_helper -o ffmpeg.7
+ cat
+ cat
+ cat
+ exit 0
Executing(%install): /bin/sh -e /var/tmp/rpm-tmp.2ekaPW
+ umask 022
+ cd /builddir/build/BUILD
+ '[' /builddir/build/BUILDROOT/ffmpeg-5.1.2-1.el7.x86_64 '!=' / ']'
+ rm -rf /builddir/build/BUILDROOT/ffmpeg-5.1.2-1.el7.x86_64
++ dirname /builddir/build/BUILDROOT/ffmpeg-5.1.2-1.el7.x86_64
+ mkdir -p /builddir/build/BUILDROOT
+ mkdir /builddir/build/BUILDROOT/ffmpeg-5.1.2-1.el7.x86_64
+ cd ffmpeg-5.1.2
+ mkdir -p /builddir/build/BUILDROOT/ffmpeg-5.1.2-1.el7.x86_64/etc/rpm /builddir/build/BUILDROOT/ffmpeg-5.1.2-1.el7.x86_64/etc/scl/prefixes
+ cat
+ cat
+ set +x
~/build/BUILDROOT/ffmpeg-5.1.2-1.el7.x86_64/opt/rh/ffmpeg/root/var ~/build/BUILD/ffmpeg-5.1.2
~/build/BUILD/ffmpeg-5.1.2
~/build/BUILDROOT/ffmpeg-5.1.2-1.el7.x86_64/opt/rh/ffmpeg/root/etc ~/build/BUILD/ffmpeg-5.1.2
~/build/BUILD/ffmpeg-5.1.2
~/build/BUILDROOT/ffmpeg-5.1.2-1.el7.x86_64/opt/rh/ffmpeg/root ~/build/BUILD/ffmpeg-5.1.2
~/build/BUILD/ffmpeg-5.1.2
+ popd
+ cat
+ mkdir -p /builddir/build/BUILDROOT/ffmpeg-5.1.2-1.el7.x86_64/opt/rh/ffmpeg/root/etc/alternatives /builddir/build/BUILDROOT/ffmpeg-5.1.2-1.el7.x86_64/opt/rh/ffmpeg/root/var/lib/alternatives
+ install -d -m 755 /builddir/build/BUILDROOT/ffmpeg-5.1.2-1.el7.x86_64/opt/rh/ffmpeg
+ install -p -m 755 enable /builddir/build/BUILDROOT/ffmpeg-5.1.2-1.el7.x86_64/opt/rh/ffmpeg/
+ mkdir -p /builddir/build/BUILDROOT/ffmpeg-5.1.2-1.el7.x86_64/usr/bin
+ install -p -m 777 ffmpeg /builddir/build/BUILDROOT/ffmpeg-5.1.2-1.el7.x86_64/usr/bin/
+ install -d -m 755 /builddir/build/BUILDROOT/ffmpeg-5.1.2-1.el7.x86_64/opt/rh/ffmpeg
+ install -p -m 755 sudo /builddir/build/BUILDROOT/ffmpeg-5.1.2-1.el7.x86_64/opt/rh/ffmpeg/root/usr/bin/
+ install -d -m 755 /builddir/build/BUILDROOT/ffmpeg-5.1.2-1.el7.x86_64/opt/rh/ffmpeg/root/usr/share/appdata
+ install -d -m 755 /builddir/build/BUILDROOT/ffmpeg-5.1.2-1.el7.x86_64/opt/rh/ffmpeg/root/usr/lib64/perl5
+ install -d -m 755 /builddir/build/BUILDROOT/ffmpeg-5.1.2-1.el7.x86_64/opt/rh/ffmpeg/root/usr/lib64/perl5/vendor_perl
+ install -d -m 755 /builddir/build/BUILDROOT/ffmpeg-5.1.2-1.el7.x86_64/opt/rh/ffmpeg/root/usr/lib64/perl5/vendor_perl/auto
+ install -d -m 755 /builddir/build/BUILDROOT/ffmpeg-5.1.2-1.el7.x86_64/opt/rh/ffmpeg/root/usr/share/man/man7
+ install -p -m 644 ffmpeg.7 /builddir/build/BUILDROOT/ffmpeg-5.1.2-1.el7.x86_64/opt/rh/ffmpeg/root/usr/share/man/man7/
+ /usr/lib/rpm/find-debuginfo.sh --strict-build-id -m --run-dwz --dwz-low-mem-die-limit 10000000 --dwz-max-die-limit 110000000 /builddir/build/BUILD/ffmpeg-5.1.2
/usr/lib/rpm/sepdebugcrcfix: Updated 0 CRC32s, 0 CRC32s did match.
+ /usr/lib/rpm/check-buildroot
+ /usr/lib/rpm/brp-scl-compress /opt/rh/ffmpeg/root
+ /usr/lib/rpm/brp-strip-static-archive /usr/bin/strip
+ /usr/lib/rpm/brp-scl-python-bytecompile /usr/bin/python3 1 /opt/rh/ffmpeg/root
+ /usr/lib/rpm/brp-python-hardlink
+ /usr/lib/rpm/redhat/brp-java-repack-jars
Processing files: ffmpeg-5.1.2-1.el7.x86_64
Executing(%doc): /bin/sh -e /var/tmp/rpm-tmp.JQ6ST7
+ umask 022
+ cd /builddir/build/BUILD
+ cd ffmpeg-5.1.2
+ DOCDIR=/builddir/build/BUILDROOT/ffmpeg-5.1.2-1.el7.x86_64/opt/rh/ffmpeg/root/usr/share/doc/ffmpeg-5.1.2
+ export DOCDIR
+ /usr/bin/mkdir -p /builddir/build/BUILDROOT/ffmpeg-5.1.2-1.el7.x86_64/opt/rh/ffmpeg/root/usr/share/doc/ffmpeg-5.1.2
+ cp -pr README /builddir/build/BUILDROOT/ffmpeg-5.1.2-1.el7.x86_64/opt/rh/ffmpeg/root/usr/share/doc/ffmpeg-5.1.2
+ exit 0
Provides: ffmpeg = 5.1.2-1.el7 ffmpeg(x86-64) = 5.1.2-1.el7 scl-package(ffmpeg) scl-package(ffmpeg)
Requires(rpmlib): rpmlib(CompressedFileNames) <= 3.0.4-1 rpmlib(FileDigests) <= 4.6.0-1 rpmlib(PayloadFilesHavePrefix) <= 4.0-1
Requires: /bin/bash ffmpeg-runtime
Obsoletes: ffmpeg < 5.1.2-1.el7 ffmpeg-dockerfiles < 5.1.2-1.el7
Processing files: ffmpeg-runtime-5.1.2-1.el7.x86_64
Provides: config(ffmpeg-runtime) = 5.1.2-1.el7 ffmpeg-runtime = 5.1.2-1.el7 ffmpeg-runtime(x86-64) = 5.1.2-1.el7 scl-package(ffmpeg)
Requires(interp): /bin/sh /bin/sh /bin/sh
Requires(rpmlib): rpmlib(CompressedFileNames) <= 3.0.4-1 rpmlib(FileDigests) <= 4.6.0-1 rpmlib(PayloadFilesHavePrefix) <= 4.0-1
Requires(post): /bin/sh /usr/sbin/restorecon /usr/sbin/semanage
Requires(preun): /bin/sh
Requires(postun): /bin/sh /usr/sbin/restorecon /usr/sbin/semanage
Requires: /bin/bash ffmpeg-runtime
Obsoletes: ffmpeg-runtime < 5.1.2-1.el7
Processing files: ffmpeg-build-5.1.2-1.el7.x86_64
Provides: ffmpeg-build = 5.1.2-1.el7 ffmpeg-build(x86-64) = 5.1.2-1.el7 scl-package(ffmpeg)
Requires(rpmlib): rpmlib(CompressedFileNames) <= 3.0.4-1 rpmlib(FileDigests) <= 4.6.0-1 rpmlib(PayloadFilesHavePrefix) <= 4.0-1
Requires: ffmpeg-runtime
Obsoletes: ffmpeg-build < 5.1.2-1.el7
Processing files: ffmpeg-toolchain-5.1.2-1.el7.x86_64
Provides: ffmpeg-toolchain = 5.1.2-1.el7 ffmpeg-toolchain(x86-64) = 5.1.2-1.el7
Requires(rpmlib): rpmlib(FileDigests) <= 4.6.0-1 rpmlib(PayloadFilesHavePrefix) <= 4.0-1 rpmlib(CompressedFileNames) <= 3.0.4-1
Obsoletes: ffmpeg-toolchain < 5.1.2-1.el7
Processing files: ffmpeg-perftools-5.1.2-1.el7.x86_64
Provides: ffmpeg-perftools = 5.1.2-1.el7 ffmpeg-perftools(x86-64) = 5.1.2-1.el7
Requires(rpmlib): rpmlib(FileDigests) <= 4.6.0-1 rpmlib(PayloadFilesHavePrefix) <= 4.0-1 rpmlib(CompressedFileNames) <= 3.0.4-1
Obsoletes: ffmpeg-perftools < 5.1.2-1.el7
Checking for unpackaged file(s): /usr/lib/rpm/check-files /builddir/build/BUILDROOT/ffmpeg-5.1.2-1.el7.x86_64
Wrote: /builddir/build/RPMS/ffmpeg-5.1.2-1.el7.x86_64.rpm
Wrote: /builddir/build/RPMS/ffmpeg-runtime-5.1.2-1.el7.x86_64.rpm
Wrote: /builddir/build/RPMS/ffmpeg-build-5.1.2-1.el7.x86_64.rpm
Wrote: /builddir/build/RPMS/ffmpeg-toolchain-5.1.2-1.el7.x86_64.rpm
Wrote: /builddir/build/RPMS/ffmpeg-perftools-5.1.2-1.el7.x86_64.rpm
Executing(%clean): /bin/sh -e /var/tmp/rpm-tmp.1lKsLt
+ umask 022
+ cd /builddir/build/BUILD
+ cd ffmpeg-5.1.2
+ /usr/bin/rm -rf /builddir/build/BUILDROOT/ffmpeg-5.1.2-1.el7.x86_64
+ exit 0
Child return code was: 0
